<?xml version="1.0" encoding="UTF-8"?>
<!-- Generated by org.testng.reporters.JUnitXMLReporter -->
<testsuite hostname="apples-MacBook-Air.local" ignored="0" name="Default test" tests="4" failures="0" timestamp="2023-01-07T08:09:29 IST" time="57.601" errors="0">
  <testcase name="test1" time="19.098" classname="TestCases.ParellelTest"/>
  <testcase name="test2" time="12.736" classname="TestCases.ParellelTest"/>
  <testcase name="test3" time="9.761" classname="TestCases.ParellelTest"/>
  <testcase name="test4" time="15.887" classname="TestCases.ParellelTest"/>
</testsuite> <!-- Default test -->
