<?xml version="1.0" encoding="UTF-8"?>
<!-- Generated by org.testng.reporters.JUnitXMLReporter -->
<testsuite hostname="apples-MacBook-Air.local" ignored="0" name="Test" tests="4" failures="0" timestamp="2023-01-07T08:26:52 IST" time="34.715" errors="0">
  <testcase name="test1" time="21.955" classname="TestCases.ParellelTest"/>
  <testcase name="test2" time="24.222" classname="TestCases.ParellelTest"/>
  <testcase name="test4" time="26.903" classname="TestCases.ParellelTest"/>
  <testcase name="test3" time="34.626" classname="TestCases.ParellelTest"/>
</testsuite> <!-- Test -->
