<?xml version="1.0" encoding="UTF-8"?>
<testng-results skipped="0" failed="0" ignored="0" total="4" passed="4">
  <reporter-output>
  </reporter-output>
  <suite name="Suite" duration-ms="34715" started-at="2023-01-07T08:26:12 IST" finished-at="2023-01-07T08:26:47 IST">
    <groups>
    </groups>
    <test name="Test" duration-ms="34715" started-at="2023-01-07T08:26:12 IST" finished-at="2023-01-07T08:26:47 IST">
      <class name="TestCases.ParellelTest">
        <test-method status="PASS" signature="test4()[pri:0, instance:TestCases.ParellelTest@2f943d71]" name="test4" duration-ms="26903" started-at="2023-01-07T08:26:12 IST" finished-at="2023-01-07T08:26:39 IST">
          <reporter-output>
          </reporter-output>
        </test-method> <!-- test4 -->
        <test-method status="PASS" signature="test3()[pri:0, instance:TestCases.ParellelTest@2f943d71]" name="test3" duration-ms="34626" started-at="2023-01-07T08:26:12 IST" finished-at="2023-01-07T08:26:47 IST">
          <reporter-output>
          </reporter-output>
        </test-method> <!-- test3 -->
        <test-method status="PASS" signature="test1()[pri:0, instance:TestCases.ParellelTest@2f943d71]" name="test1" duration-ms="21955" started-at="2023-01-07T08:26:12 IST" finished-at="2023-01-07T08:26:34 IST">
          <reporter-output>
          </reporter-output>
        </test-method> <!-- test1 -->
        <test-method status="PASS" signature="test2()[pri:0, instance:TestCases.ParellelTest@2f943d71]" name="test2" duration-ms="24222" started-at="2023-01-07T08:26:12 IST" finished-at="2023-01-07T08:26:36 IST">
          <reporter-output>
          </reporter-output>
        </test-method> <!-- test2 -->
      </class> <!-- TestCases.ParellelTest -->
    </test> <!-- Test -->
  </suite> <!-- Suite -->
</testng-results>
